Build started 2/3/2013 12:23:47 AM.
     1>Project "C:\Users\trezi_000\Downloads\Input Touch keyboard sample\C++\TouchKeyboard.vcxproj" on node 2 (Build target(s)).
     1>ClCompile:
         C:\Program Files (x86)\Microsoft Visual Studio 11.0\VC\bin\CL.exe /c /I"C:\Users\trezi_000\Downloads\Input Touch keyboard sample\C++\\" /I"Generated Files\\" /IDebug\ /ZI /ZW /ZW:nostdlib /nologo /W3 /WX- /sdl /MP /Od /Oy- /D _UNICODE /D UNICODE /D _DEBUG /D WINAPI_FAMILY=WINAPI_FAMILY_APP /Gm- /EHsc /RTC1 /MDd /GS /fp:precise /Zc:wchar_t /Zc:forScope /Yu"pch.h" /Fp"Debug\TouchKeyboard.pch" /Fo"Debug\\" /Fd"Debug\vc110.pdb" /Gd /TP /FU"C:\Program Files (x86)\Microsoft SDKs\Windows\v8.0\ExtensionSDKs\Microsoft.VCLibs\11.0\References\CommonConfiguration\neutral\platform.winmd" /FU"C:\Program Files (x86)\Windows Kits\8.0\References\CommonConfiguration\Neutral\Windows.winmd" /FU"C:\Program Files (x86)\Windows Kits\8.0\References\CommonConfiguration\Neutral\Windows.winmd" /analyze- /errorReport:prompt NonTouchableTextBlock.xaml.cpp
         NonTouchableTextBlock.xaml.cpp
       CreateWinMD:
         C:\Program Files (x86)\Microsoft Visual Studio 11.0\VC\bin\link.exe /ERRORREPORT:PROMPT /OUT:"C:\Users\trezi_000\Downloads\Input Touch keyboard sample\C++\Debug\TouchKeyboard\TouchKeyboard.exe" /INCREMENTAL /NOLOGO kernel32.lib /MANIFEST:NO /DEBUG /PDB:"C:\Users\trezi_000\Downloads\Input Touch keyboard sample\C++\Debug\TouchKeyboard\TouchKeyboard.pdb" /SUBSYSTEM:WINDOWS /TLBID:1 /APPCONTAINER /WINMD:ONLY /WINMDFILE:"C:\Users\trezi_000\Downloads\Input Touch keyboard sample\C++\Debug\TouchKeyboard\SDKSample.winmd" /DYNAMICBASE /NXCOMPAT /MACHINE:X86 Debug\App.xaml.obj
         Debug\LayoutAwarePage.obj
         Debug\SuspensionManager.obj
         Debug\Constants.obj
         Debug\NonTouchableTextBlock.xaml.obj
         Debug\TouchableTextBlock.xaml.obj
         Debug\Launch.xaml.obj
         Debug\MainPage.xaml.obj
         Debug\pch.obj
         Debug\XamlTypeInfo.Impl.g.obj
       Link:
         C:\Program Files (x86)\Microsoft Visual Studio 11.0\VC\bin\link.exe /ERRORREPORT:PROMPT /OUT:"C:\Users\trezi_000\Downloads\Input Touch keyboard sample\C++\Debug\TouchKeyboard\TouchKeyboard.exe" /INCREMENTAL /NOLOGO kernel32.lib /MANIFEST:NO /DEBUG /PDB:"C:\Users\trezi_000\Downloads\Input Touch keyboard sample\C++\Debug\TouchKeyboard\TouchKeyboard.pdb" /SUBSYSTEM:WINDOWS /TLBID:1 /APPCONTAINER /WINMD:NO /WINMDFILE:"C:\Users\trezi_000\Downloads\Input Touch keyboard sample\C++\Debug\TouchKeyboard\SDKSample.winmd" /DYNAMICBASE /NXCOMPAT /MACHINE:X86 Debug\App.xaml.obj
         Debug\LayoutAwarePage.obj
         Debug\SuspensionManager.obj
         Debug\Constants.obj
         Debug\NonTouchableTextBlock.xaml.obj
         Debug\TouchableTextBlock.xaml.obj
         Debug\Launch.xaml.obj
         Debug\MainPage.xaml.obj
         Debug\pch.obj
         Debug\XamlTypeInfo.Impl.g.obj
         Debug\XamlTypeInfo.g.obj
         TouchKeyboard.vcxproj -> C:\Users\trezi_000\Downloads\Input Touch keyboard sample\C++\Debug\TouchKeyboard\TouchKeyboard.exe
     1>Done Building Project "C:\Users\trezi_000\Downloads\Input Touch keyboard sample\C++\TouchKeyboard.vcxproj" (Build target(s)).

Build succeeded.

Time Elapsed 00:00:02.39
